2026-06-06 21:44:18 [INFO] ============================================================
2026-06-06 21:44:18 [INFO] スクレイピング処理を開始します。
2026-06-06 21:44:18 [INFO] 設定を読み込みました（配列 index 0 を使用）。
2026-06-06 21:44:18 [INFO] 抽出対象の列: ['su1', 'su2']
2026-06-06 21:44:19 [INFO] robots.txt を取得しました: http://books.toscrape.com/robots.txt
2026-06-06 21:44:19 [INFO] robots.txt によりアクセスが許可されています: http://books.toscrape.com/catalogue/page-3.html
2026-06-06 21:44:20 [INFO] playwright-stealth が未導入のため、未適用で続行します。
2026-06-06 21:44:20 [INFO] 最初のページへアクセスします: http://books.toscrape.com/catalogue/page-3.html
2026-06-06 21:44:22 [INFO] --- ページ 1 の処理を開始 ---
2026-06-06 21:44:30 [INFO] robots.txt を取得しました: http://books.toscrape.com/robots.txt
2026-06-06 21:44:30 [INFO] robots.txt によりアクセスが許可されています: http://books.toscrape.com/catalogue/page-3.html
2026-06-06 21:44:30 [INFO] ページから 20 件を抽出しました。
2026-06-06 21:44:30 [INFO] 累計取得件数: 20 件
2026-06-06 21:44:30 [INFO] 待機: 7.59 秒
2026-06-06 21:44:39 [INFO] 前ページへ遷移しました。
2026-06-06 21:44:39 [INFO] --- ページ 2 の処理を開始 ---
2026-06-06 21:44:49 [INFO] robots.txt を取得しました: http://books.toscrape.com/robots.txt
2026-06-06 21:44:49 [INFO] robots.txt によりアクセスが許可されています: http://books.toscrape.com/catalogue/page-2.html
2026-06-06 21:44:49 [INFO] ページから 20 件を抽出しました。
2026-06-06 21:44:49 [INFO] 累計取得件数: 40 件
2026-06-06 21:44:49 [INFO] 待機: 11.41 秒
2026-06-06 21:45:01 [INFO] 前ページへ遷移しました。
2026-06-06 21:45:01 [INFO] --- ページ 3 の処理を開始 ---
2026-06-06 21:45:07 [INFO] robots.txt を取得しました: http://books.toscrape.com/robots.txt
2026-06-06 21:45:07 [INFO] robots.txt によりアクセスが許可されています: http://books.toscrape.com/catalogue/page-1.html
2026-06-06 21:45:07 [INFO] ページから 20 件を抽出しました。
2026-06-06 21:45:07 [INFO] 累計取得件数: 60 件
2026-06-06 21:45:07 [INFO] 待機: 10.84 秒
2026-06-06 21:45:18 [INFO] 前ページへのリンクが見つかりません。処理を終了します。
2026-06-06 21:45:18 [INFO] CSVを保存しました: /home/bdjp/Desktop/vs01/app/bo_data/bo_2026-06-06.csv（60 行）
2026-06-06 21:45:18 [INFO] スクレイピング処理が完了しました。
2026-06-06 21:45:18 [INFO] ============================================================
